

*******************************************************************************
Fri May 29 19:45:39 2015


FIT:    data read from 'data.dat' u 1:2
        format = x:z
        #datapoints = 1000
        residuals are weighted equally (unit weight)

function used for fitting: f(x)
fitted parameters initialized with current variable values



 Iteration 0
 WSSR        : 1.38774           delta(WSSR)/WSSR   : 0
 delta(WSSR) : 0                 limit for stopping : 1e-05
 lambda	  : 0.0278734

initial set of free parameter values

a               = 1
b               = 1

After 3 iterations the fit converged.
final sum of squares of residuals : 0.0015553
rel. change during last iteration : -4.83314e-10

degrees of freedom    (FIT_NDF)                        : 998
rms of residuals      (FIT_STDFIT) = sqrt(WSSR/ndf)    : 0.00124836
variance of residuals (reduced chisquare) = WSSR/ndf   : 1.55841e-06

Final set of parameters            Asymptotic Standard Error
=======================            ==========================

a               = 4.71639e-05      +/- 0.001193     (2529%)
b               = 0.998371         +/- 72.63        (7275%)


correlation matrix of the fit parameters:

               a      b      
a               1.000 
b               0.459  1.000 


*******************************************************************************
Fri May 29 20:22:13 2015


FIT:    data read from 'data.dat' u 1:2
        format = x:z
        #datapoints = 1000
        residuals are weighted equally (unit weight)

function used for fitting: f(x)
fitted parameters initialized with current variable values



 Iteration 0
 WSSR        : 0.00187002        delta(WSSR)/WSSR   : 0
 delta(WSSR) : 0                 limit for stopping : 1e-05
 lambda	  : 0.705126

initial set of free parameter values

a               = 4.71639e-05
b               = 0.998371

After 2 iterations the fit converged.
final sum of squares of residuals : 0.000958659
rel. change during last iteration : -2.07651e-06

degrees of freedom    (FIT_NDF)                        : 998
rms of residuals      (FIT_STDFIT) = sqrt(WSSR/ndf)    : 0.000980092
variance of residuals (reduced chisquare) = WSSR/ndf   : 9.6058e-07

Final set of parameters            Asymptotic Standard Error
=======================            ==========================

a               = 0.0010045        +/- 4.655e-05    (4.634%)
b               = 0.998793         +/- 12.3         (1232%)


correlation matrix of the fit parameters:

               a      b      
a               1.000 
b               0.744  1.000 


*******************************************************************************
Sat May 30 10:54:33 2015


FIT:    data read from './hist.dat' u 1:2
        format = x:z
        #datapoints = 1000
        residuals are weighted equally (unit weight)

function used for fitting: f(x)
fitted parameters initialized with current variable values



 Iteration 0
 WSSR        : 732.767           delta(WSSR)/WSSR   : 0
 delta(WSSR) : 0                 limit for stopping : 1e-05
 lambda	  : 0.675516

initial set of free parameter values

a               = 1
b               = 1

After 7 iterations the fit converged.
final sum of squares of residuals : 0.409434
rel. change during last iteration : -4.42116e-06

degrees of freedom    (FIT_NDF)                        : 998
rms of residuals      (FIT_STDFIT) = sqrt(WSSR/ndf)    : 0.0202548
variance of residuals (reduced chisquare) = WSSR/ndf   : 0.000410255

Final set of parameters            Asymptotic Standard Error
=======================            ==========================

a               = 0.297762         +/- 0.001622     (0.5446%)
b               = 48.1658          +/- 0.6062       (1.259%)


correlation matrix of the fit parameters:

               a      b      
a               1.000 
b               0.578  1.000 


*******************************************************************************
Sat May 30 11:10:34 2015


FIT:    data read from './hist.dat' u 1:2
        format = x:z
        #datapoints = 1000
        residuals are weighted equally (unit weight)

function used for fitting: f(x)
fitted parameters initialized with current variable values



 Iteration 0
 WSSR        : 22.4486           delta(WSSR)/WSSR   : 0
 delta(WSSR) : 0                 limit for stopping : 1e-05
 lambda	  : 0.319116

initial set of free parameter values

a               = 0.297762
b               = 48.1658

After 4 iterations the fit converged.
final sum of squares of residuals : 0.590719
rel. change during last iteration : -9.22937e-06

degrees of freedom    (FIT_NDF)                        : 998
rms of residuals      (FIT_STDFIT) = sqrt(WSSR/ndf)    : 0.0243291
variance of residuals (reduced chisquare) = WSSR/ndf   : 0.000591903

Final set of parameters            Asymptotic Standard Error
=======================            ==========================

a               = 0.557799         +/- 0.00188      (0.3371%)
b               = 31.6699          +/- 0.2467       (0.7791%)


correlation matrix of the fit parameters:

               a      b      
a               1.000 
b               0.578  1.000 


*******************************************************************************
Sat May 30 11:41:50 2015


FIT:    data read from './hist.dat' u 1:2
        format = x:z
        #datapoints = 1000
        residuals are weighted equally (unit weight)

function used for fitting: f(x)
fitted parameters initialized with current variable values



 Iteration 0
 WSSR        : 82.3796           delta(WSSR)/WSSR   : 0
 delta(WSSR) : 0                 limit for stopping : 1e-05
 lambda	  : 0.365619

initial set of free parameter values

a               = 0.557799
b               = 31.6699

After 6 iterations the fit converged.
final sum of squares of residuals : 1.22377e-05
rel. change during last iteration : -1.59084e-06

degrees of freedom    (FIT_NDF)                        : 998
rms of residuals      (FIT_STDFIT) = sqrt(WSSR/ndf)    : 0.000110735
variance of residuals (reduced chisquare) = WSSR/ndf   : 1.22622e-08

Final set of parameters            Asymptotic Standard Error
=======================            ==========================

a               = 0.0027309        +/- 8.425e-06    (0.3085%)
b               = 33.682           +/- 0.2402       (0.713%)


correlation matrix of the fit parameters:

               a      b      
a               1.000 
b               0.578  1.000 


*******************************************************************************
Sat May 30 11:47:36 2015


FIT:    data read from './hist.dat' u 1:2
        format = x:z
        #datapoints = 1000
        residuals are weighted equally (unit weight)

function used for fitting: f(x)
fitted parameters initialized with current variable values



 Iteration 0
 WSSR        : 0.00040803        delta(WSSR)/WSSR   : 0
 delta(WSSR) : 0                 limit for stopping : 1e-05
 lambda	  : 0.363832

initial set of free parameter values

a               = 0.0027309
b               = 33.682

After 9 iterations the fit converged.
final sum of squares of residuals : 2.72099e-05
rel. change during last iteration : -3.08891e-08

degrees of freedom    (FIT_NDF)                        : 998
rms of residuals      (FIT_STDFIT) = sqrt(WSSR/ndf)    : 0.000165119
variance of residuals (reduced chisquare) = WSSR/ndf   : 2.72644e-08

Final set of parameters            Asymptotic Standard Error
=======================            ==========================

a               = 0.00433934       +/- 1.593e-05    (0.3671%)
b               = 90.8575          +/- 0.7708       (0.8483%)


correlation matrix of the fit parameters:

               a      b      
a               1.000 
b               0.577  1.000 


*******************************************************************************
Sat May 30 12:53:29 2015


FIT:    data read from './hist.dat' u 1:2
        format = x:z
        #datapoints = 100
        residuals are weighted equally (unit weight)

function used for fitting: f(x)
fitted parameters initialized with current variable values



 Iteration 0
 WSSR        : 3.54874e+07       delta(WSSR)/WSSR   : 0
 delta(WSSR) : 0                 limit for stopping : 1e-05
 lambda	  : 0.406168

initial set of free parameter values

a               = 0.00433934
b               = 90.8575

After 4 iterations the fit converged.
final sum of squares of residuals : 451805
rel. change during last iteration : -2.34848e-07

degrees of freedom    (FIT_NDF)                        : 98
rms of residuals      (FIT_STDFIT) = sqrt(WSSR/ndf)    : 67.8989
variance of residuals (reduced chisquare) = WSSR/ndf   : 4610.26

Final set of parameters            Asymptotic Standard Error
=======================            ==========================

a               = 1017.95          +/- 14.34        (1.409%)
b               = 86.5091          +/- 2.841        (3.284%)


correlation matrix of the fit parameters:

               a      b      
a               1.000 
b               0.581  1.000 
